# turn 1
o 110 31 n
# turn 2
o 109 31 n
# turn 3
o 108 31 n
# turn 4
o 107 31 n
# turn 5
o 106 31 n
# turn 6
o 105 31 w
# turn 7
o 110 31 w
o 105 30 w
# turn 8
o 105 29 n
o 110 30 w
# turn 9
o 110 31 w
o 104 29 w
o 110 29 w
# turn 10
o 110 28 w
o 110 30 w
o 104 28 s
# turn 11
o 110 27 w
o 110 31 w
o 110 29 w
o 105 28 w
# turn 12
o 110 28 s
o 110 26 w
o 105 27 w
o 110 31 s
o 110 30 s
# turn 13
o 105 26 w
o 110 31 e
o 110 25 w
o 111 31 e
o 111 28 s
o 111 30 s
# turn 14
o 112 30 e
o 111 32 s
o 110 24 s
o 112 28 s
o 110 32 e
o 105 25 s
# turn 15
o 111 24 w
o 113 28 s
o 112 31 s
o 106 25 w
o 110 33 e
o 112 32 e
# turn 16
o 111 23 s
o 113 31 e
o 112 33 s
o 106 24 s
o 114 28 w
o 110 34 s
# turn 17
o 111 34 e
o 113 32 s
o 114 27 w
o 113 33 s
o 112 23 w
o 107 24 w
# turn 18
o 114 32 s
o 107 23 w
o 111 35 e
o 114 26 w
o 112 22 s
o 114 33 s
# turn 19
o 0 33 s
o 0 32 s
o 114 25 s
o 107 22 w
o 113 22 s
o 111 36 s
# turn 20
o 114 22 s
o 112 36 s
o 0 25 s
o 107 21 w
o 1 33 e
# turn 21
o 1 34 e
o 0 22 e
o 1 25 s
o 107 20 w
o 1 32 e
o 113 36 e
# turn 22
o 113 37 s
o 1 35 e
o 110 31 e
o 107 19 w
o 2 25 s
o 1 33 e
o 0 23 e
# turn 23
o 1 34 w
o 3 25 e
o 114 37 s
o 0 24 s
o 1 36 s
o 110 32 s
o 107 18 w
# turn 24
o 1 24 e
o 107 17 w
o 110 31 s
o 111 32 s
o 2 36 s
o 0 37 w
o 3 26 s
o 1 33 w
# turn 25
o 107 16 e
o 1 25 s
o 111 31 w
o 4 26 s
o 112 32 s
o 0 36 s
o 1 32 w
o 3 36 w
# turn 26
o 107 17 e
o 110 31 s
o 3 35 w
o 111 30 w
o 1 36 w
o 5 26 e
o 2 25 e
o 113 32 s
o 1 31 w
# turn 27
o 114 32 w
o 1 35 s
o 111 31 w
o 111 29 s
o 5 27 e
o 107 18 s
o 1 30 s
o 2 26 s
# turn 28
o 111 30 w
o 2 30 w
o 112 29 s
o 108 18 e
o 2 35 s
o 114 31 s
o 5 28 e
o 3 26 e
# turn 29
# turn 30
# turn 31
# turn 32
# turn 33
# turn 34
# turn 35
# turn 36
# turn 37
# turn 38
# turn 39
# turn 40
# turn 41
# turn 42
# turn 43
# turn 44
# turn 45
# turn 46
# turn 47
o 2 29 w
o 110 31 w
o 3 35 n
o 113 29 n
o 3 34 n
o 108 19 w
o 3 27 w
o 111 29 w
o 0 31 n
o 5 29 n
# turn 48
o 4 29 n
o 2 28 n
o 110 30 s
o 112 29 w
o 111 28 w
o 108 18 w
o 2 35 n
o 2 34 n
o 114 31 n
o 3 26 n
# turn 49
o 1 34 w
o 111 27 w
o 1 35 n
o 111 30 s
o 112 28 w
o 108 17 w
o 1 28 w
o 3 29 w
o 113 31 w
o 2 26 w
# turn 50
o 112 30 w
o 1 27 w
o 113 30 w
o 112 27 w
o 3 28 w
o 2 25 w
o 108 16 w
o 0 35 w
o 1 33 n
o 111 26 w
# turn 51
o 0 33 w
o 108 15 s
o 111 25 w
o 1 26 w
o 113 29 w
o 112 29 w
o 0 34 n
o 112 26 w
o 2 24 n
o 3 27 w
# turn 52
o 1 24 w
o 0 32 w
o 111 24 w
o 1 25 n
o 113 28 w
o 114 34 n
o 109 15 s
o 112 28 w
o 112 25 w
o 3 26 w
# turn 53
o 113 27 w
o 3 25 n
o 111 23 w
o 1 23 n
o 0 25 w
o 113 34 n
o 112 27 w
o 110 15 s
o 0 31 n
o 112 24 w
# turn 54
o 111 22 s
o 0 24 n
o 112 34 n
o 114 31 e
o 112 26 w
o 2 25 w
o 113 26 w
o 111 15 s
o 0 23 n
# turn 55
o 114 23 w
o 114 32 e
o 111 34 n
o 114 24 n
o 112 22 w
o 112 15 w
o 112 25 w
o 2 24 n
# turn 56
o 1 24 n
o 112 23 w
o 113 24 w
o 114 22 n
o 113 25 n
o 112 14 w
o 110 34 n
o 114 33 n
# turn 57
o 109 34 n
o 0 24 e
o 113 33 e
o 112 22 e
o 112 21 n
o 113 23 e
o 112 25 n
o 112 24 n
o 112 13 n
# turn 58
o 108 34 n
o 111 13 n
o 110 31 n
o 111 25 e
o 0 25 e
o 111 21 e
o 112 23 e
o 113 34 n
o 113 24 e
o 113 22 n
o 111 24 n
# turn 59
o 111 22 n
o 112 24 e
o 0 26 n
o 107 34 n
o 110 24 n
o 110 13 e
o 112 34 n
o 112 22 e
o 113 25 e
o 109 31 n
o 111 26 n
# turn 60
o 111 34 n
o 109 24 e
o 112 23 e
o 114 26 e
o 113 26 e
o 108 31 n
o 110 26 n
o 110 14 e
o 112 25 e
o 106 34 n
o 110 22 n
# turn 61
o 109 22 n
o 113 27 e
o 114 27 e
o 112 24 e
o 105 34 n
o 107 31 n
o 109 26 e
o 110 15 n
o 112 26 n
o 109 25 n
o 110 34 e
# turn 62
o 106 31 n
o 110 31 e
o 104 34 e
o 113 28 n
o 109 15 n
o 108 25 n
o 109 27 n
o 112 25 e
o 114 28 e
o 110 35 n
o 108 22 e
o 111 26 e
# turn 63
o 111 27 e
o 104 35 e
o 108 27 n
o 109 35 e
o 108 15 e
o 112 28 e
o 114 29 n
o 110 32 e
o 105 31 e
o 108 23 n
o 107 25 n
o 112 26 e
# turn 64
o 105 32 n
o 113 29 e
o 109 36 n
o 112 29 n
o 112 27 e
o 106 25 e
o 111 28 n
o 107 23 e
o 110 33 n
o 107 27 e
o 108 16 e
o 104 36 n
# turn 65
o 109 33 n
o 110 28 e
o 113 30 n
o 104 32 n
o 107 28 n
o 111 29 e
o 112 28 n
o 103 36 e
o 108 36 e
o 108 17 n
o 106 26 n
o 107 24 n
# turn 66
o 105 26 n
o 111 28 n
o 107 17 e
o 103 32 n
o 112 30 w
o 111 30 n
o 108 37 n
o 106 24 n
o 103 37 n
o 108 33 n
o 106 28 w
o 110 29 n
# turn 67
o 110 28 w
o 107 37 n
o 110 30 n
o 112 29 n
o 102 32 n
o 104 26 n
o 107 33 e
o 106 27 n
o 109 29 n
o 107 18 n
o 105 24 n
o 102 37 n
# turn 68
o 106 37 n
o 105 27 w
o 101 37 n
o 103 26 w
o 107 34 e
o 111 29 w
o 106 18 e
o 110 27 w
o 109 30 n
o 104 24 n
o 108 29 n
# turn 69
o 105 26 n
o 100 37 n
o 106 19 e
o 103 24 n
o 107 35 n
o 103 25 n
o 111 28 w
o 110 26 n
o 108 30 n
o 105 37 n
o 107 29 w
# turn 70
o 111 27 n
o 107 30 w
o 106 35 e
o 107 28 n
o 109 26 n
o 106 20 w
o 102 25 n
o 102 24 n
o 104 37 n
o 104 26 w
o 99 37 n
# turn 71
o 104 25 n
o 106 36 w
o 108 26 w
o 106 19 w
o 101 24 n
o 107 29 w
o 110 27 n
o 101 25 n
o 103 37 n
o 98 37 w
o 106 28 w
# turn 72
o 109 27 w
o 110 31 e
o 108 25 n
o 107 28 n
o 103 25 w
o 100 25 n
o 100 24 n
o 106 27 n
o 106 18 n
o 106 35 w
o 98 36 w
o 102 37 w
# turn 73
o 99 24 n
o 102 36 w
o 99 25 e
o 110 31 n
o 109 26 n
o 103 24 n
o 105 27 e
o 98 35 w
o 110 32 n
o 105 18 n
o 107 25 n
o 106 28 e
o 106 34 w
# turn 74
o 110 31 e
o 106 33 n
o 108 26 e
o 105 28 e
o 102 35 n
o 102 24 n
o 98 34 n
o 98 24 e
o 99 26 n
o 109 31 n
o 106 25 n
o 106 29 e
o 109 32 n
o 104 18 e
# turn 75
o 97 34 n
o 106 30 n
o 98 25 n
o 108 27 n
o 108 32 n
o 108 31 n
o 101 24 n
o 105 29 n
o 104 19 e
o 110 32 n
o 98 26 e
o 105 25 e
o 105 33 w
o 101 35 w
# turn 76
o 105 26 e
o 105 32 n
o 107 31 n
o 97 25 e
o 98 27 n
o 104 20 n
o 107 32 n
o 104 29 e
o 107 27 n
o 100 24 e
o 105 30 e
o 101 34 w
o 96 34 w
o 109 32 n
# turn 77
o 96 33 n
o 103 20 n
o 104 32 n
o 108 32 n
o 97 26 n
o 97 27 n
o 106 32 n
o 104 30 e
o 105 27 n
o 100 25 n
# turn 78
o 106 31 e
o 96 27 n
o 99 25 n
o 103 32 n
o 96 26 n
o 105 32 n
o 104 31 n
o 102 20 n
o 106 27 n
o 104 27 n
o 95 33 n
# turn 79
o 94 33 n
o 105 27 n
o 98 25 n
o 103 27 n
o 104 32 n
o 95 26 n
o 95 27 n
o 101 20 e
o 106 32 n
o 103 31 n
o 105 31 n
# turn 80
o 94 27 n
o 105 32 n
o 94 26 n
o 97 25 e
o 102 31 n
o 104 31 n
o 107 32 n
o 93 33 n
o 101 21 n
o 102 27 n
o 104 27 n
# turn 81
o 106 32 n
o 101 31 n
o 97 26 e
o 103 27 n
o 92 33 w
o 103 31 n
o 101 27 n
o 100 21 e
o 110 31 e
o 93 26 n
o 93 27 n
# turn 82
o 97 27 n
o 102 31 n
o 100 27 n
o 100 22 e
o 92 27 n
o 92 32 n
o 102 27 n
o 92 26 n
o 100 31 n
o 110 32 n
# turn 83
o 91 32 n
o 96 27 e
o 101 31 n
o 91 27 e
o 91 26 n
o 99 31 n
o 100 23 e
o 101 27 n
o 99 27 e
o 109 32 n
# turn 84
o 108 32 n
o 90 26 e
o 98 31 e
o 90 32 n
o 100 27 e
o 110 31 e
o 99 28 e
o 100 24 e
o 100 31 n
o 91 28 n
o 96 28 n
# turn 85
o 95 28 n
o 100 28 n
o 90 27 n
o 99 31 n
o 90 28 n
o 107 32 n
o 98 32 n
o 89 32 n
o 100 25 e
o 99 29 n
o 110 32 n
# turn 86
# turn 87
# turn 88
# turn 89
o 105 32 w
o 98 29 s
o 103 32 w
o 100 26 s
o 98 31 s
o 104 32 w
o 102 32 w
o 94 28 s
o 110 31 s
o 89 27 s
o 99 28 s
o 109 32 s
o 101 32 w
o 106 32 s
o 101 33 s
o 97 32 s
o 88 32 w
o 89 28 s
# turn 90
o 95 28 w
o 100 28 w
o 90 27 w
o 99 31 s
o 102 33 s
o 105 31 s
o 102 31 w
o 90 28 s
o 104 31 w
o 111 31 w
o 107 32 s
o 98 32 w
o 101 31 w
o 101 26 s
o 103 31 w
o 99 29 w
o 88 31 s
o 110 32 w
# turn 91
o 101 30 w
o 106 31 w
o 110 31 s
o 103 33 w
o 90 26 s
o 98 31 s
o 111 30 w
o 89 31 w
o 100 27 w
o 102 30 w
o 95 27 s
o 103 30 w
o 99 28 s
o 108 32 w
o 100 31 w
o 102 26 w
o 91 28 s
o 104 30 w
# turn 92
o 91 26 s
o 100 28 w
o 89 30 w
o 111 31 w
o 102 29 w
o 100 26 s
o 92 28 s
o 96 27 w
o 101 29 w
o 99 31 w
o 102 25 w
o 106 30 w
o 104 29 s
o 103 32 w
o 103 29 w
o 100 30 s
o 108 31 w
o 111 29 w
# turn 93
o 101 30 s
o 89 29 s
o 93 28 w
o 96 26 w
o 108 30 w
o 102 28 w
o 111 30 w
o 103 31 s
o 100 27 w
o 111 28 s
o 105 29 w
o 101 26 w
o 99 30 s
o 103 28 s
o 92 26 s
o 101 28 w
o 106 29 w
o 102 24 s
# turn 94
o 108 29 s
o 106 28 w
o 101 25 w
o 96 25 w
o 90 29 w
o 104 28 w
o 103 24 s
o 104 31 w
o 102 30 w
o 100 26 w
o 111 29 w
o 105 28 w
o 101 27 w
o 102 27 s
o 112 28 s
o 93 26 w
o 100 30 s
o 93 27 s
# turn 95
o 94 27 s
o 101 30 w
o 104 24 s
o 113 28 w
o 102 29 w
o 104 30 w
o 103 27 w
o 96 24 s
o 90 28 s
o 101 24 s
o 111 28 w
o 101 26 w
o 105 27 w
o 100 25 w
o 109 29 w
o 106 27 s
o 93 25 w
o 104 27 w
# turn 96
o 105 26 w
o 111 27 w
o 97 24 s
o 103 26 w
o 101 25 w
o 102 28 w
o 104 26 w
o 95 27 s
o 109 28 s
o 104 29 s
o 102 24 s
o 93 24 s
o 105 24 s
o 113 27 w
o 91 28 s
o 101 29 s
o 107 27 s
# turn 97
o 104 25 w
o 110 28 w
o 96 27 s
o 108 27 w
o 102 29 s
o 106 24 s
o 92 28 s
o 101 24 s
o 105 29 w
o 113 26 w
o 102 27 s
o 98 24 s
o 105 25 w
o 94 24 s
o 111 26 w
# turn 98
# turn 99
# turn 100
# turn 101
# turn 102
# turn 103
# turn 104
# turn 105
# turn 106
# turn 107
# turn 108
# turn 109
# turn 110
# turn 111
# turn 112
# turn 113
# turn 114
# turn 115
# turn 116
# turn 117
# turn 118
# turn 119
# turn 120
# turn 121
# turn 122
# turn 123
# turn 124
# turn 125
# turn 126
o 99 24 w
o 93 28 w
o 104 24 w
o 110 31 s
o 108 26 w
o 111 25 w
o 103 27 s
o 97 27 w
o 103 24 w
o 105 28 w
o 103 25 s
o 110 27 w
o 95 24 w
o 102 24 w
o 100 24 w
o 107 24 w
o 105 24 s
o 103 29 s
o 113 25 w
# turn 127
# turn 128
# turn 129
# turn 130
# turn 131
# turn 132
# turn 133
# turn 134
# turn 135
# turn 136
# turn 137
# turn 138
# turn 139
o 104 25 w
o 113 24 w
o 105 27 w
o 110 31 w
o 104 23 w
o 107 23 w
o 97 26 w
o 99 23 w
o 108 25 s
o 111 24 s
o 111 31 w
o 106 24 w
o 100 23 s
o 110 26 w
o 102 23 w
o 95 23 w
o 104 29 w
o 104 27 w
o 103 23 w
o 93 27 s
# turn 140
o 94 27 n
o 105 26 s
o 104 24 w
o 112 24 w
o 97 25 w
o 99 22 w
o 110 30 w
o 104 22 s
o 110 25 s
o 104 28 s
o 113 23 w
o 107 22 w
o 95 22 n
o 109 25 w
o 102 22 w
o 106 23 s
o 103 22 w
o 101 23 w
o 111 30 s
o 104 26 w
# turn 141
o 104 25 n
o 97 24 s
o 103 21 w
o 109 24 w
o 104 23 w
o 111 25 s
o 112 23 s
o 107 21 s
o 105 22 s
o 102 21 n
o 94 22 n
o 107 23 w
o 113 22 s
o 105 28 w
o 106 26 s
o 101 22 n
o 112 30 s
o 99 21 n
o 110 29 w
o 93 27 w
# turn 142
o 103 20 w
o 108 21 s
o 105 27 s
o 110 28 w
o 104 22 w
o 98 21 w
o 113 30 s
o 107 22 s
o 103 25 w
o 93 22 w
o 107 26 s
o 109 23 w
o 100 22 w
o 113 23 w
o 112 25 s
o 98 24 w
o 114 22 s
o 106 22 w
o 93 26 w
o 101 21 w
# turn 143
o 109 22 s
o 0 22 s
o 109 21 s
o 110 27 w
o 104 21 w
o 103 24 w
o 98 20 w
o 108 26 s
o 93 21 w
o 98 23 w
o 103 19 w
o 101 20 n
o 113 22 s
o 106 27 w
o 113 25 w
o 106 21 w
o 100 21 n
o 93 25 n
o 114 30 w
o 108 22 w
# turn 144
o 108 21 s
o 110 26 s
o 1 22 w
o 93 20 n
o 109 26 w
o 114 29 s
o 103 18 w
o 99 21 w
o 104 20 s
o 113 24 w
o 98 22 w
o 106 20 w
o 110 21 w
o 106 26 w
o 98 19 w
o 114 22 w
o 100 20 w
o 92 25 n
o 103 23 s
o 110 22 s
# turn 145
o 1 21 w
o 111 22 w
o 113 23 s
o 104 23 w
o 100 19 w
o 106 19 w
o 98 21 w
o 91 25 w
o 99 20 w
o 106 25 n
o 92 20 n
o 103 17 s
o 109 25 s
o 114 21 w
o 105 20 w
o 0 29 w
o 109 21 s
o 111 26 s
# turn 146
o 114 23 w
o 91 20 n
o 114 20 s
o 91 24 w
o 100 18 w
o 110 25 w
o 111 21 s
o 98 20 w
o 106 18 w
o 112 26 w
o 99 19 w
o 104 22 w
o 104 17 s
o 105 19 w
o 105 25 w
o 1 20 s
o 0 28 w
# turn 147
o 91 23 w
o 0 27 n
o 114 22 n
o 90 20 w
o 106 17 w
o 104 21 w
o 0 20 w
o 100 17 w
o 2 20 n
o 110 24 w
o 112 25 w
o 99 18 w
o 112 21 n
o 105 17 w
o 110 21 n
o 110 20 n
o 105 24 w
# turn 148
o 110 23 n
o 109 21 n
o 106 16 w
o 0 19 w
o 111 21 n
o 114 27 w
o 100 16 n
o 104 20 s
o 105 16 w
o 113 22 w
o 1 20 w
o 112 24 n
o 105 18 w
o 110 31 n
o 105 23 w
o 109 20 n
o 91 22 w
# turn 149
o 105 15 w
o 108 21 n
o 108 20 w
o 110 21 n
o 105 20 w
o 91 21 n
o 105 22 n
o 0 18 n
o 109 23 e
o 114 26 n
o 106 15 w
o 113 21 w
o 1 19 n
o 105 17 w
o 109 31 n
o 99 16 w
o 111 24 e
# turn 150
o 99 15 w
o 90 21 w
o 105 19 w
o 109 24 n
o 104 22 e
o 0 19 n
o 111 25 n
o 108 31 n
o 108 19 n
o 114 18 n
o 105 16 w
o 106 14 w
o 113 20 w
o 107 21 w
o 113 26 n
o 105 14 w
o 99 17 w
o 109 21 w
# turn 151
o 113 18 w
o 105 13 w
o 110 25 n
o 113 19 n
o 104 23 e
o 107 31 w
o 106 13 w
o 105 15 w
o 108 24 e
o 105 18 w
o 107 20 n
o 112 26 n
o 99 16 w
o 114 19 w
o 109 20 w
o 107 19 w
# turn 152
o 104 24 n
o 107 30 w
o 109 25 e
o 114 18 w
o 108 25 n
o 106 12 e
o 106 20 n
o 113 17 n
o 105 12 n
o 109 19 w
o 111 26 n
o 105 14 n
o 107 18 w
o 112 19 n
o 105 17 n
# turn 153
o 112 17 w
o 104 14 w
o 103 24 e
o 110 31 w
o 105 20 n
o 106 13 n
o 114 17 n
o 104 17 w
o 107 17 w
o 104 12 n
o 107 29 n
o 109 18 w
o 107 25 n
o 109 26 n
o 111 19 n
# turn 154
o 104 20 e
o 104 16 n
o 110 19 n
o 108 26 n
o 106 25 n
o 106 29 w
o 113 17 w
o 107 16 w
o 112 16 n
o 104 13 n
o 103 12 n
o 110 30 n
o 103 25 e
o 109 17 n
o 110 26 n
# turn 155
o 108 17 w
o 104 21 n
o 107 26 n
o 109 19 n
o 102 12 e
o 106 28 n
o 105 13 n
o 103 26 n
o 107 15 n
o 111 16 w
o 109 26 n
o 103 16 w
o 109 30 w
o 113 16 w
o 105 25 n
# turn 156
o 103 15 w
o 102 26 n
o 105 28 w
o 109 29 w
o 111 15 n
o 104 25 e
o 106 26 n
o 108 26 n
o 108 19 w
o 102 13 n
o 103 21 n
o 106 15 n
o 108 16 w
o 113 15 w
# turn 157
o 105 15 n
o 113 14 n
o 103 14 n
o 109 28 w
o 108 18 n
o 107 26 n
o 110 15 w
o 104 26 n
o 108 15 n
o 105 27 n
o 103 13 n
o 101 13 n
o 102 21 e
o 101 26 n
# turn 158
o 98 19 e
o 102 22 n
o 110 14 w
o 107 18 n
o 104 15 n
o 103 26 w
o 109 27 w
o 100 26 w
o 102 13 n
o 107 15 n
o 104 27 w
o 105 26 w
o 104 13 n
o 106 26 w
o 112 14 n
o 102 14 n
# turn 159
o 110 31 w
o 103 15 w
o 106 18 w
o 101 22 n
o 98 20 w
o 100 25 n
o 111 14 n
o 104 26 w
o 103 13 n
o 106 25 w
o 101 14 n
o 109 26 w
o 110 13 n
o 103 25 w
o 106 15 n
o 105 25 w
# turn 160
o 105 15 w
o 109 25 n
o 103 24 n
o 110 14 w
o 110 31 n
o 105 24 n
o 104 25 n
o 103 14 w
o 106 24 w
o 99 25 n
o 106 17 n
o 110 30 n
o 100 22 w
# turn 161
o 104 24 w
o 98 25 w
o 105 17 w
o 105 14 n
o 108 25 n
o 106 23 w
o 100 21 w
o 109 31 n
o 103 25 w
o 102 24 w
o 109 30 n
# turn 162
o 104 14 w
o 103 24 n
o 106 22 n
o 105 16 n
o 102 23 w
o 98 24 w
o 100 20 n
o 108 30 s
o 107 25 s
o 104 23 n
o 110 13 e
o 108 31 s
# turn 163
o 110 14 s
o 99 20 w
o 102 22 w
o 104 16 n
o 103 23 w
o 108 25 w
o 109 31 s
o 109 13 s
o 105 22 w
o 102 24 w
o 98 23 w
o 109 30 w
# turn 164
o 105 21 w
o 108 24 w
o 109 29 s
o 110 31 w
o 102 21 w
o 102 23 n
o 99 19 w
o 103 22 n
o 111 14 s
o 110 13 s
o 98 22 w
o 103 16 w
# turn 165
o 103 15 w
o 102 22 n
o 105 20 n
o 110 29 s
o 98 21 w
o 102 20 n
o 99 18 w
o 108 23 w
o 111 13 s
o 110 30 s
o 112 14 s
o 101 23 n
# turn 166
o 111 30 s
o 100 23 n
o 101 22 w
o 113 14 s
o 103 14 n
o 111 29 w
o 108 22 s
o 101 20 n
o 104 20 n
o 112 13 s
o 99 17 w
# turn 167
o 103 20 w
o 99 23 w
o 101 21 n
o 113 13 s
o 100 20 n
o 114 14 s
o 111 28 w
o 109 22 s
o 112 30 s
o 102 14 n
# turn 168
o 0 14 n
o 99 20 w
o 103 19 w
o 114 13 n
o 99 22 n
o 111 27 n
o 113 30 w
o 100 21 w
o 110 22 w
# turn 169
o 110 31 w
o 103 18 n
o 99 19 w
o 113 13 n
o 100 20 n
o 114 14 w
o 110 27 n
o 110 21 n
o 113 29 w
o 98 22 w
# turn 170
o 113 28 w
o 99 20 w
o 114 13 n
o 102 18 w
o 109 27 n
o 99 18 w
o 112 13 n
o 110 30 w
o 109 21 w
# turn 171
o 109 20 w
o 99 19 w
o 113 13 n
o 113 27 n
o 110 29 w
o 111 13 n
o 108 27 w
o 102 17 n
# turn 172
o 110 28 n
o 101 17 n
o 109 19 w
o 108 26 w
o 112 13 n
o 112 27 w
o 110 13 n
# turn 173
o 108 25 w
o 109 28 n
o 112 26 w
o 100 17 w
o 109 18 w
o 111 13 n
# turn 174
o 108 24 n
o 112 25 w
o 108 28 n
o 100 16 w
o 109 17 w
# turn 175
o 109 16 n
o 112 24 w
o 107 28 w
o 107 24 w
# turn 176
o 107 27 n
o 112 23 n
o 107 23 n
o 108 16 n
# turn 177
o 111 23 n
o 106 27 n
o 106 23 w
o 107 16 n
# turn 178
o 106 22 n
o 110 23 n
o 105 27 n
o 106 16 w
# turn 179
o 109 23 n
o 104 27 w
o 105 22 w
o 106 15 n
# turn 180
o 105 15 w
o 105 21 w
o 104 26 n
o 108 23 w
# turn 181
o 105 14 n
o 105 20 n
o 103 26 w
o 108 22 n
# turn 182
o 104 14 n
o 107 22 w
o 104 20 w
o 103 25 w
# turn 183
o 103 24 w
o 103 14 n
o 107 21 n
o 104 19 n
# turn 184
o 103 19 w
o 103 23 w
o 106 21 n
# turn 185
o 105 21 w
o 103 18 w
o 103 22 w
# turn 186
o 105 20 w
o 103 17 n
o 103 21 w
# turn 187
o 103 20 n
o 105 19 w
o 102 17 w
# turn 188
o 102 20 n
o 102 16 n
o 105 18 w
# turn 189
o 105 17 w
o 101 16 w
o 101 20 n
# turn 190
o 105 16 w
o 100 20 n
# turn 191
o 105 15 n
o 99 20 w
# turn 192
o 104 15 w
# turn 193
o 104 14 n
# turn 194
# turn 195
# turn 196
# turn 197
# turn 198
# turn 199
# turn 200
# turn 201
# turn 202
# turn 203
# turn 204
# turn 205
# turn 206
# turn 207
# turn 208
# turn 209
# turn 210
# turn 211
# turn 212
# turn 213
# turn 214
# turn 215
# turn 216
# turn 217
# turn 218
# turn 219
# turn 220
# turn 221
# turn 222
# turn 223
# turn 224
# turn 225
# turn 226
# turn 227
# turn 228
# turn 229
# turn 230
# turn 231
# turn 232
# turn 233
# turn 234
# turn 235
# turn 236
# turn 237
# turn 238
# turn 239
# turn 240
# turn 241
# turn 242
# turn 243
# turn 244
# turn 245
# turn 246
# turn 247
# turn 248
# turn 249
# turn 250
# turn 251
# turn 252
# turn 253
# turn 254
# turn 255
# turn 256
# turn 257
# turn 258
# turn 259
# turn 260
# turn 261
# turn 262
# turn 263
# turn 264
# turn 265
# turn 266
# turn 267
# turn 268
# turn 269
# turn 270
# turn 271
# turn 272
# turn 273
# turn 274
# turn 275
# turn 276
# turn 277
# turn 278
# turn 279
# turn 280
# turn 281
# turn 282
# turn 283
# turn 284
# turn 285
# turn 286
# turn 287
# turn 288
# turn 289
# turn 290
# turn 291
# turn 292
# turn 293
# turn 294
# turn 295
# turn 296
# turn 297
# turn 298
# turn 299
# turn 300
o 90 20 s
# turn 301
o 91 20 w
# turn 302
o 91 19 w
o 110 31 n
# turn 303
o 91 18 w
o 109 31 n
# turn 304
o 91 17 w
o 108 31 w
# turn 305
o 108 30 n
o 91 16 n
# turn 306
o 107 30 n
o 90 19 s
o 90 16 w
# turn 307
o 106 30 w
o 91 19 s
o 110 31 w
o 90 15 w
# turn 308
o 90 14 w
o 106 29 n
o 92 19 w
o 110 30 n
# turn 309
o 90 13 s
o 92 18 w
o 105 29 w
o 109 30 w
# turn 310
o 105 28 n
o 109 29 w
o 110 31 s
o 92 17 s
o 91 13 s
# turn 311
o 93 17 s
o 109 28 n
o 111 31 w
o 104 28 n
o 92 13 s
# turn 312
o 111 30 s
o 103 28 w
o 108 28 w
o 94 17 w
o 93 13 s
# turn 313
o 94 16 s
o 110 31 s
o 103 27 s
o 94 13 s
o 108 27 w
o 112 30 s
# turn 314
o 95 16 w
o 108 26 w
o 113 30 w
o 95 13 s
o 104 27 w
o 111 31 w
# turn 315
o 111 30 w
o 95 15 w
o 108 25 w
o 96 13 s
o 113 29 w
o 104 26 s
# turn 316
o 113 28 w
o 99 16 s
o 103 14 s
o 97 13 e
o 95 14 s
o 98 20 s
o 101 15 s
o 99 19 s
o 98 21 s
o 111 29 w
o 99 18 s
o 108 24 w
o 105 26 w
o 104 13 s
o 110 13 e
o 99 17 s
# turn 317
o 104 14 n
o 98 19 s
o 110 14 e
o 110 31 s
o 102 15 n
o 100 16 n
o 113 27 w
o 105 13 n
o 100 17 n
o 111 28 w
o 108 23 s
o 96 14 e
o 105 25 e
# turn 318
o 110 31 w
o 100 19 e
o 111 31 w
o 99 16 s
o 103 14 s
o 96 15 e
o 101 15 e
o 110 15 e
o 109 23 e
o 111 27 w
o 113 26 s
o 105 26 s
o 104 13 s
o 109 13 s
o 98 18 e
o 99 21 e
o 99 17 e
o 102 14 e
# turn 319
o 104 14 e
o 98 19 e
o 111 30 w
o 99 20 e
o 110 31 s
o 102 15 e
o 99 22 s
o 109 24 s
o 100 16 e
o 99 19 s
o 100 20 s
o 105 13 e
o 110 16 e
o 101 16 e
o 100 15 s
o 103 13 e
o 101 14 s
o 99 15 e
o 110 30 w
o 110 13 e
o 114 26 s
o 96 16 e
o 111 26 s
o 106 26 w
# turn 320
o 110 31 w
o 100 19 e
o 100 14 s
o 110 14 s
o 99 16 s
o 104 15 s
o 103 14 e
o 105 14 s
o 101 17 s
o 98 20 s
o 101 15 e
o 112 26 w
o 110 29 w
o 111 29 s
o 106 25 w
o 101 20 s
o 102 13 s
o 110 24 s
o 99 18 e
o 102 16 s
o 96 17 e
o 110 17 e
o 111 31 w
o 0 26 w
o 99 21 s
o 100 22 s
o 99 14 e
o 102 14 e
# turn 321
o 103 15 s
o 105 15 s
o 111 30 s
o 110 18 e
o 99 20 e
o 100 13 e
o 112 25 s
o 101 22 s
o 102 15 e
o 110 28 s
o 96 18 e
o 112 29 s
o 106 24 s
o 99 19 s
o 111 14 s
o 100 20 s
o 111 24 s
o 101 16 e
o 0 25 w
o 103 13 s
o 101 14 e
o 102 20 s
o 100 21 e
o 99 15 s
o 110 30 w
o 101 13 s
o 103 16 s
o 102 17 s
# turn 322
o 103 20 e
o 100 19 e
o 102 22 s
o 104 16 s
o 104 15 s
o 110 19 s
o 101 17 s
o 0 24 s
o 100 14 s
o 100 16 s
o 101 15 s
o 96 19 s
o 110 29 w
o 113 25 s
o 113 29 s
o 111 28 w
o 101 20 e
o 102 13 s
o 103 17 e
o 102 16 s
o 104 13 e
o 99 21 e
o 106 15 s
o 100 22 s
o 112 30 s
o 107 24 s
o 112 14 e
o 112 24 s
# turn 323
o 104 14 e
o 108 24 n
o 113 24 s
o 112 15 n
o 101 22 s
o 102 15 e
o 110 28 s
o 99 22 s
o 103 18 e
o 105 16 e
o 97 19 s
o 101 21 w
o 103 22 s
o 1 24 s
o 101 16 e
o 113 30 w
o 100 15 e
o 103 13 e
o 101 14 e
o 114 29 s
o 106 14 e
o 114 25 s
o 107 15 e
o 111 27 w
o 103 21 w
o 100 18 e
o 103 16 s
o 111 19 n
o 102 17 s
# turn 324
o 103 20 s
o 98 19 s
o 105 15 e
o 103 19 s
o 105 17 e
o 102 22 s
o 104 16 e
o 111 15 e
o 103 14 e
o 110 19 n
o 101 17 s
o 100 16 s
o 101 15 s
o 0 29 s
o 0 25 w
o 104 22 w
o 100 17 e
o 111 28 s
o 101 20 s
o 103 17 e
o 2 24 s
o 102 16 s
o 107 16 n
o 113 29 w
o 100 22 w
o 107 24 w
o 111 26 s
# turn 325
o 104 20 s
o 1 29 s
o 102 15 e
o 104 15 s
o 3 24 w
o 113 28 w
o 114 24 w
o 0 24 w
o 104 21 e
o 103 18 s
o 105 16 e
o 99 19 e
o 109 19 s
o 100 20 s
o 112 26 s
o 101 16 e
o 106 16 e
o 102 20 s
o 100 21 s
o 111 16 s
o 112 28 w
o 106 15 s
o 107 23 w
o 104 19 s
o 103 16 e
o 105 18 s
o 102 17 e
# turn 326
o 103 20 s
o 114 23 w
o 2 29 s
o 110 31 s
o 103 15 e
o 100 19 e
o 105 15 s
o 99 20 e
o 107 22 s
o 106 18 s
o 105 17 e
o 102 18 s
o 105 20 e
o 110 19 e
o 101 17 s
o 101 21 e
o 104 22 s
o 113 27 s
o 3 23 w
o 101 20 s
o 104 18 e
o 113 26 s
o 107 15 s
o 105 19 s
o 0 23 w
o 112 16 s
o 106 17 s
o 112 27 w
# turn 327
o 110 31 w
o 105 21 s
o 104 20 e
o 101 22 e
o 107 18 e
o 114 26 s
o 106 19 e
o 103 18 s
o 112 26 w
o 104 17 s
o 110 20 e
o 103 22 e
o 100 20 e
o 108 22 s
o 0 22 e
o 108 15 s
o 107 17 s
o 114 27 s
o 102 20 s
o 114 22 e
o 3 22 s
o 100 18 e
o 105 22 s
o 111 31 w
o 99 21 e
o 106 15 e
o 104 19 s
o 103 16 s
o 3 29 w
o 105 18 s
o 113 16 e
o 102 17 e
# turn 328
o 103 20 e
o 0 27 s
o 110 31 s
o 100 19 e
o 111 30 w
o 106 18 s
o 3 28 w
o 105 17 e
o 112 25 s
o 104 16 e
o 103 23 s
o 102 18 s
o 109 15 e
o 104 21 e
o 113 17 e
o 106 22 s
o 99 22 s
o 106 16 e
o 106 20 s
o 104 18 e
o 110 21 s
o 100 21 s
o 105 19 e
o 102 16 s
o 0 23 s
o 109 22 e
o 0 26 s
o 110 30 w
o 106 21 s
o 108 17 s
o 101 23 s
o 107 19 s
o 4 22 e
# turn 329
o 114 23 s
o 1 26 w
o 107 22 e
o 107 18 s
o 105 20 e
o 103 18 s
o 111 29 s
o 102 23 s
o 101 21 e
o 107 21 s
o 104 17 s
o 100 20 s
o 3 27 w
o 110 29 w
o 113 25 w
o 113 18 e
o 109 23 s
o 1 23 s
o 104 22 s
o 111 21 e
o 108 19 s
o 107 20 s
o 109 16 s
o 103 21 s
o 106 17 s
o 104 23 s
o 1 27 s
o 111 31 s
o 109 17 e
o 104 19 e
o 103 16 s
o 100 22 e
o 105 18 s
# turn 330
o 108 20 s
o 105 21 s
o 106 18 s
o 100 23 s
o 105 17 s
o 101 22 s
o 104 16 e
o 110 23 s
o 103 23 s
o 108 21 e
o 110 28 s
o 111 22 s
o 113 19 e
o 1 25 s
o 104 21 e
o 2 23 s
o 108 18 e
o 109 19 s
o 2 27 w
o 107 17 s
o 110 16 s
o 112 31 w
o 112 29 w
o 105 23 s
o 101 20 e
o 109 18 s
o 104 18 s
o 103 17 e
o 3 26 s
o 104 20 s
o 0 23 s
o 105 22 s
o 113 24 s
o 107 23 s
# turn 331
o 111 23 s
o 110 18 s
o 112 22 s
o 108 17 s
o 102 22 e
o 107 18 e
o 106 22 s
o 109 20 e
o 2 26 s
o 105 20 e
o 110 19 s
o 112 30 w
o 103 18 e
o 101 21 s
o 106 23 s
o 108 22 s
o 1 23 s
o 104 22 s
o 108 19 s
o 111 28 w
o 104 17 s
o 108 23 s
o 111 16 s
o 106 17 e
o 104 23 s
o 113 20 e
o 112 28 w
o 4 26 s
o 106 21 s
o 2 25 w
o 114 24 s
o 105 18 e
# turn 332
o 105 21 s
o 107 22 s
o 106 18 s
o 103 19 e
o 105 17 e
o 111 18 s
o 112 29 w
o 109 17 e
o 0 24 s
o 112 23 s
o 102 23 s
o 107 21 s
o 113 22 s
o 109 23 s
o 109 19 e
o 105 23 s
o 113 21 s
o 112 27 w
o 2 24 s
o 3 26 s
o 105 19 s
o 109 22 s
o 111 27 w
o 112 16 e
o 105 22 s
o 102 21 e
o 109 21 s
o 107 23 s
o 111 19 s
o 107 19 e
# turn 333
o 103 20 s
o 112 17 s
o 113 23 s
o 102 22 s
o 107 18 s
o 106 22 s
o 110 23 s
o 103 23 s
o 3 24 s
o 106 19 e
o 112 18 s
o 112 26 s
o 106 23 s
o 112 19 s
o 108 22 s
o 108 21 s
o 1 24 s
o 109 20 s
o 107 20 s
o 110 21 s
o 108 23 s
o 114 21 s
o 114 22 s
o 112 28 s
o 4 26 w
o 106 21 s
o 105 18 e
o 109 18 e
o 101 23 s
o 111 26 w
o 110 22 s
# turn 334
o 114 23 s
o 108 20 e
o 111 23 s
o 113 28 w
o 107 22 s
o 104 20 e
o 111 22 s
o 113 19 s
o 0 21 s
o 111 25 w
o 108 18 s
o 102 23 s
o 110 20 e
o 103 22 s
o 113 18 s
o 0 22 s
o 109 23 s
o 109 19 s
o 106 20 e
o 113 26 s
o 2 24 s
o 105 19 e
o 113 17 s
o 109 22 s
o 104 23 s
o 107 23 s
o 111 21 s
# turn 335
o 1 21 s
o 112 22 s
o 114 17 s
o 110 23 s
o 103 23 s
o 105 20 s
o 110 19 e
o 104 21 s
o 112 23 s
o 114 19 s
o 113 27 s
o 108 22 s
o 111 24 s
o 104 22 s
o 107 21 e
o 105 23 s
o 109 18 s
o 110 21 s
o 114 18 s
o 108 23 s
o 0 23 s
o 1 22 s
o 114 26 w
o 106 21 e
o 112 21 s
o 110 22 s
# turn 336
o 111 23 s
o 105 21 s
o 110 18 e
o 107 22 s
o 2 22 s
o 113 23 s
o 0 17 s
o 111 22 s
o 113 22 s
o 106 23 s
o 110 20 e
o 114 27 s
o 109 23 s
o 114 25 w
o 111 21 s
o 0 18 s
o 113 21 s
o 106 20 s
o 109 22 s
o 104 23 s
o 2 21 s
o 112 24 s
o 0 19 s
# turn 337
o 114 23 s
o 0 27 s
o 1 17 s
o 3 21 s
o 112 22 s
o 113 24 w
o 106 22 s
o 110 23 s
o 110 19 s
o 114 24 s
o 114 21 s
o 108 22 e
o 105 23 s
o 1 19 e
o 107 20 e
o 110 21 s
o 114 22 s
o 3 22 s
o 1 18 s
o 112 21 s
o 109 21 e
o 110 22 s
# turn 338
o 2 18 e
o 107 22 s
o 113 23 s
o 1 20 e
o 111 22 s
o 0 24 s
o 108 21 s
o 113 22 s
o 2 17 s
o 0 22 s
o 111 21 s
o 113 21 s
o 108 23 s
o 109 22 s
o 1 27 s
o 105 22 e
o 106 21 e
o 111 19 s
# turn 339
o 1 21 s
o 112 22 s
o 106 22 s
o 3 17 s
o 0 21 e
o 112 23 s
o 112 19 s
o 2 27 s
o 108 22 s
o 1 24 s
o 109 23 s
o 107 21 s
o 2 19 e
o 1 22 s
o 107 23 s
o 112 21 s
o 109 21 s
o 110 22 s
# turn 340
o 111 23 s
o 107 22 s
o 2 22 s
o 111 22 s
o 113 19 e
o 108 21 s
o 106 23 s
o 114 21 s
o 3 27 w
o 0 22 s
o 2 20 s
o 110 21 e
o 108 23 s
o 2 21 s
o 4 17 e
# turn 341
o 4 18 s
o 110 23 s
o 0 21 e
o 3 20 s
o 108 22 e
o 105 23 s
o 113 21 s
o 3 26 w
o 1 22 s
o 113 20 s
o 109 21 s
o 110 22 s
# turn 342
o 114 20 s
o 5 18 s
o 114 21 s
o 0 22 s
o 109 23 s
o 110 21 s
o 109 22 s
# turn 343
o 0 20 s
o 0 21 e
o 6 18 s
o 111 21 s
o 108 23 s
# turn 344
o 97 14 w
o 1 20 e
o 107 23 s
o 112 21 s
# turn 345
o 1 21 s
o 97 13 s
o 106 23 s
o 113 21 s
# turn 346
o 98 13 w
o 114 21 s
# turn 347
o 0 21 s
o 98 12 w
# turn 348
# turn 349
# turn 350
# turn 351
o 98 11 e
# turn 352
o 98 12 n
# turn 353
o 97 12 n
# turn 354
o 96 12 s
# turn 355
o 110 31 s
o 97 12 s
# turn 356
o 111 31 s
o 98 12 w
# turn 357
o 112 31 w
# turn 358
o 112 30 w
# turn 359
o 112 29 s
# turn 360
o 113 29 s
# turn 361
o 114 29 w
# turn 362
o 114 28 w
# turn 363
o 114 27 w
# turn 364
o 114 26 s
# turn 365
o 0 26 s
# turn 366
o 1 26 w
# turn 367
o 1 25 s
# turn 368
# turn 369
# turn 370
# turn 371
# turn 372
# turn 373
# turn 374
# turn 375
# turn 376
# turn 377
# turn 378
# turn 379
# turn 380
# turn 381
# turn 382
# turn 383
# turn 384
# turn 385
# turn 386
# turn 387
# turn 388
# turn 389
# turn 390
# turn 391
# turn 392
# turn 393
# turn 394
# turn 395
# turn 396
# turn 397
# turn 398
# turn 399
# turn 400
# turn 401
# turn 402
# turn 403
# turn 404
# turn 405
# turn 406
# turn 407
# turn 408
# turn 409
# turn 410
